

Version:	3.50
CmdLine:	C:\Users\jsh\Documents\2DAM\Desarrollo_Interfaces\SegundoTrimestre\TareaCRUD\out\artifacts\TareaCRUD_jar\App-1.0.exe --l4j-debug
JNI:		No
WOW64:		Yes
Working dir:	C:\Users\jsh\Documents\2DAM\Desarrollo_Interfaces\SegundoTrimestre\TareaCRUD\out\artifacts\TareaCRUD_jar\.
Requires JDK:	No
Requires 64-Bit: No
Java min ver:	
Java max ver:	
JRE paths:	C:\Program Files\Java\jdk-17.0.4.1\bin
Check launcher:	C:\Program Files\Java\jdk-17.0.4.1\bin\javaw.exe (OK)
Warning:	formatJavaVersion() too many parts added.
Version string: 1.017.000_004 / 64-Bit (OK)
Launcher:	C:\Program Files\Java\jdk-17.0.4.1\bin\javaw.exe
Launcher args:	-jar "C:\Users\jsh\Documents\2DAM\Desarrollo_Interfaces\SegundoTrimestre\TareaCRUD\out\artifacts\TareaCRUD_jar\App-1.0.exe"
Args length:	123/32768 chars
Exit code:	0


Version:	3.50
CmdLine:	C:\Users\jsh\Documents\2DAM\Desarrollo_Interfaces\SegundoTrimestre\TareaCRUD\out\artifacts\TareaCRUD_jar\App-1.0.exe --l4j-debug
JNI:		No
WOW64:		Yes
Working dir:	C:\Users\jsh\Documents\2DAM\Desarrollo_Interfaces\SegundoTrimestre\TareaCRUD\out\artifacts\TareaCRUD_jar\.
Requires JDK:	No
Requires 64-Bit: No
Java min ver:	
Java max ver:	
JRE paths:	C:\Program Files\Java\jdk-17.0.4.1\bin
Check launcher:	C:\Program Files\Java\jdk-17.0.4.1\bin\javaw.exe (OK)
Warning:	formatJavaVersion() too many parts added.
Version string: 1.017.000_004 / 64-Bit (OK)
Launcher:	C:\Program Files\Java\jdk-17.0.4.1\bin\javaw.exe
Launcher args:	-jar "C:\Users\jsh\Documents\2DAM\Desarrollo_Interfaces\SegundoTrimestre\TareaCRUD\out\artifacts\TareaCRUD_jar\App-1.0.exe"
Args length:	123/32768 chars
Exit code:	0
